<?xml version="1.0" encoding="UTF-8"?>
<!-- Generated by org.testng.reporters.JUnitReportReporter -->
<testsuite hostname="DESKTOP-FMKHIRB" failures="0" tests="3" name="MahmoudHatem.taskonePostiveTest" time="9.930" errors="0" timestamp="2022-10-08T18:01:13 EET" skipped="0">
  <testcase classname="MahmoudHatem.taskonePostiveTest" name="testTaskOnePostive" time="1.715"/>
  <system-out/>
  <testcase classname="MahmoudHatem.taskonePostiveTest" name="testTaskOnePostive" time="2.481"/>
  <system-out/>
  <testcase classname="MahmoudHatem.taskonePostiveTest" name="testTaskOnePostive" time="5.734"/>
  <system-out/>
</testsuite> <!-- MahmoudHatem.taskonePostiveTest -->
